2025-05-29T16:27:02.838Z [info]: 🚀 Server running in development mode on port 7000
2025-05-29T16:48:11.261Z [info]: 🚀 Server running in development mode on port 7000
2025-05-29T16:52:25.607Z [info]: 🚀 Server running in development mode on port 7000
2025-05-29T16:59:56.367Z [http]: [0mOPTIONS /api/users [32m204[0m 2.819 ms - 0[0m
2025-05-29T16:59:56.795Z [http]: [0mPOST /api/users [32m201[0m 424.190 ms - 278[0m
2025-05-29T16:59:56.868Z [http]: [0mOPTIONS /api/users/employees [32m204[0m 0.260 ms - 0[0m
2025-05-29T16:59:56.888Z [http]: [0mOPTIONS /api/tasks?page=1&limit=5 [32m204[0m 0.336 ms - 0[0m
2025-05-29T16:59:56.892Z [http]: [0mOPTIONS /api/tasks?page=1&limit=5 [32m204[0m 0.249 ms - 0[0m
2025-05-29T16:59:57.072Z [http]: [0mGET /api/users/employees [32m200[0m 201.005 ms - 2[0m
2025-05-29T16:59:57.177Z [http]: [0mGET /api/tasks?page=1&limit=5 [32m200[0m 282.531 ms - 76[0m
2025-05-29T16:59:57.288Z [http]: [0mGET /api/users/employees [36m304[0m 207.561 ms - -[0m
2025-05-29T16:59:57.456Z [http]: [0mGET /api/tasks?page=1&limit=5 [36m304[0m 275.115 ms - -[0m
2025-05-29T16:59:57.479Z [http]: [0mGET /api/users/employees [36m304[0m 187.517 ms - -[0m
2025-05-29T16:59:57.668Z [http]: [0mGET /api/users/employees [36m304[0m 186.243 ms - -[0m
2025-05-29T17:00:31.461Z [http]: [0mOPTIONS /api/users [32m204[0m 0.329 ms - 0[0m
2025-05-29T17:00:31.826Z [http]: [0mPOST /api/users [32m201[0m 357.672 ms - 284[0m
2025-05-29T17:00:31.896Z [http]: [0mOPTIONS /api/tasks?page=1&limit=5 [32m204[0m 0.344 ms - 0[0m
2025-05-29T17:00:31.906Z [http]: [0mOPTIONS /api/users/employees [32m204[0m 0.257 ms - 0[0m
2025-05-29T17:00:31.909Z [http]: [0mOPTIONS /api/users/employees [32m204[0m 0.335 ms - 0[0m
2025-05-29T17:00:32.007Z [http]: [0mGET /api/users/employees [33m403[0m 95.362 ms - 721[0m
2025-05-29T17:00:32.105Z [http]: [0mGET /api/users/employees [33m403[0m 95.699 ms - 721[0m
2025-05-29T17:00:32.188Z [http]: [0mGET /api/tasks?page=1&limit=5 [36m304[0m 287.904 ms - -[0m
2025-05-29T17:00:32.468Z [http]: [0mGET /api/tasks?page=1&limit=5 [36m304[0m 276.947 ms - -[0m
2025-05-29T17:00:58.109Z [http]: [0mOPTIONS /api/users [32m204[0m 0.367 ms - 0[0m
2025-05-29T17:00:58.402Z [http]: [0mPOST /api/users [32m201[0m 291.239 ms - 283[0m
2025-05-29T17:00:58.444Z [http]: [0mOPTIONS /api/tasks?page=1&limit=5 [32m204[0m 0.158 ms - 0[0m
2025-05-29T17:00:58.452Z [http]: [0mOPTIONS /api/users/employees [32m204[0m 0.163 ms - 0[0m
2025-05-29T17:00:58.454Z [http]: [0mOPTIONS /api/users/employees [32m204[0m 0.195 ms - 0[0m
2025-05-29T17:00:58.543Z [http]: [0mGET /api/users/employees [33m403[0m 87.793 ms - 721[0m
2025-05-29T17:00:58.635Z [http]: [0mGET /api/users/employees [33m403[0m 90.352 ms - 721[0m
2025-05-29T17:00:58.715Z [http]: [0mGET /api/tasks?page=1&limit=5 [36m304[0m 269.090 ms - -[0m
2025-05-29T17:00:58.997Z [http]: [0mGET /api/tasks?page=1&limit=5 [36m304[0m 279.505 ms - -[0m
2025-05-29T17:01:06.078Z [http]: [0mOPTIONS /api/users/login [32m204[0m 0.212 ms - 0[0m
2025-05-29T17:01:06.280Z [http]: [0mPOST /api/users/login [32m200[0m 198.309 ms - 278[0m
2025-05-29T17:01:06.298Z [http]: [0mOPTIONS /api/users/employees [32m204[0m 0.206 ms - 0[0m
2025-05-29T17:01:06.316Z [http]: [0mOPTIONS /api/tasks?page=1&limit=5 [32m204[0m 0.234 ms - 0[0m
2025-05-29T17:01:06.318Z [http]: [0mOPTIONS /api/tasks?page=1&limit=5 [32m204[0m 0.212 ms - 0[0m
2025-05-29T17:01:06.489Z [http]: [0mGET /api/users/employees [32m200[0m 188.100 ms - 170[0m
2025-05-29T17:01:06.591Z [http]: [0mGET /api/tasks?page=1&limit=5 [36m304[0m 271.145 ms - -[0m
2025-05-29T17:01:06.682Z [http]: [0mGET /api/users/employees [36m304[0m 190.395 ms - -[0m
2025-05-29T17:01:06.854Z [http]: [0mGET /api/tasks?page=1&limit=5 [36m304[0m 261.374 ms - -[0m
2025-05-29T17:01:06.864Z [http]: [0mGET /api/users/employees [36m304[0m 180.163 ms - -[0m
2025-05-29T17:01:07.051Z [http]: [0mGET /api/users/employees [36m304[0m 185.150 ms - -[0m
2025-05-29T17:02:23.197Z [http]: [0mOPTIONS /api/tasks [32m204[0m 0.172 ms - 0[0m
2025-05-29T17:02:23.435Z [http]: [0mPOST /api/tasks [32m201[0m 235.966 ms - 274[0m
2025-05-29T17:02:23.448Z [http]: [0mOPTIONS /api/users/employees [32m204[0m 0.146 ms - 0[0m
2025-05-29T17:02:23.453Z [http]: [0mOPTIONS /api/users/683892af669a954de3209bdb [32m204[0m 0.164 ms - 0[0m
2025-05-29T17:02:23.455Z [http]: [0mOPTIONS /api/users/employees [32m204[0m 0.182 ms - 0[0m
2025-05-29T17:02:23.456Z [http]: [0mOPTIONS /api/users/683892af669a954de3209bdb [32m204[0m 0.100 ms - 0[0m
2025-05-29T17:02:23.458Z [http]: [0mOPTIONS /api/tasks?page=1&limit=5 [32m204[0m 0.107 ms - 0[0m
2025-05-29T17:02:23.653Z [http]: [0mGET /api/users/683892af669a954de3209bdb [32m200[0m 193.086 ms - 188[0m
2025-05-29T17:02:23.657Z [http]: [0mGET /api/users/employees [36m304[0m 197.893 ms - -[0m
2025-05-29T17:02:23.832Z [http]: [0mGET /api/users/683892af669a954de3209bdb [36m304[0m 178.197 ms - -[0m
2025-05-29T17:02:23.852Z [http]: [0mGET /api/users/employees [36m304[0m 192.407 ms - -[0m
2025-05-29T17:02:24.204Z [http]: [0mGET /api/tasks?page=1&limit=5 [32m200[0m 738.125 ms - 350[0m
2025-05-29T17:02:24.405Z [http]: [0mGET /api/users/employees [36m304[0m 190.057 ms - -[0m
2025-05-29T17:02:24.409Z [http]: [0mGET /api/users/683892af669a954de3209bdb [36m304[0m 193.728 ms - -[0m
2025-05-29T17:02:24.577Z [http]: [0mGET /api/users/employees [36m304[0m 169.927 ms - -[0m
2025-05-29T17:02:24.590Z [http]: [0mGET /api/users/683892af669a954de3209bdb [36m304[0m 179.319 ms - -[0m
2025-05-29T17:02:37.985Z [http]: [0mOPTIONS /api/tasks [32m204[0m 0.186 ms - 0[0m
2025-05-29T17:02:38.171Z [http]: [0mPOST /api/tasks [32m201[0m 184.624 ms - 279[0m
2025-05-29T17:02:38.183Z [http]: [0mOPTIONS /api/users/employees [32m204[0m 0.209 ms - 0[0m
2025-05-29T17:02:38.190Z [http]: [0mOPTIONS /api/users/683892ca669a954de3209be6 [32m204[0m 0.127 ms - 0[0m
2025-05-29T17:02:38.191Z [http]: [0mOPTIONS /api/users/employees [32m204[0m 0.315 ms - 0[0m
2025-05-29T17:02:38.193Z [http]: [0mOPTIONS /api/users/683892af669a954de3209bdb [32m204[0m 0.251 ms - 0[0m
2025-05-29T17:02:38.195Z [http]: [0mOPTIONS /api/users/employees [32m204[0m 0.210 ms - 0[0m
2025-05-29T17:02:38.196Z [http]: [0mOPTIONS /api/users/683892ca669a954de3209be6 [32m204[0m 0.118 ms - 0[0m
2025-05-29T17:02:38.198Z [http]: [0mOPTIONS /api/users/683892af669a954de3209bdb [32m204[0m 0.180 ms - 0[0m
2025-05-29T17:02:38.199Z [http]: [0mOPTIONS /api/tasks?page=1&limit=5 [32m204[0m 0.124 ms - 0[0m
2025-05-29T17:02:38.377Z [http]: [0mGET /api/users/683892ca669a954de3209be6 [32m200[0m 176.175 ms - 187[0m
2025-05-29T17:02:38.380Z [http]: [0mGET /api/users/683892af669a954de3209bdb [36m304[0m 178.965 ms - -[0m
2025-05-29T17:02:38.385Z [http]: [0mGET /api/users/employees [36m304[0m 184.532 ms - -[0m
2025-05-29T17:02:38.604Z [http]: [0mGET /api/users/employees [36m304[0m 211.971 ms - -[0m
2025-05-29T17:02:38.606Z [http]: [0mGET /api/users/683892af669a954de3209bdb [36m304[0m 214.303 ms - -[0m
2025-05-29T17:02:38.611Z [http]: [0mGET /api/users/683892ca669a954de3209be6 [36m304[0m 227.450 ms - -[0m
2025-05-29T17:02:38.784Z [http]: [0mGET /api/users/employees [36m304[0m 176.061 ms - -[0m
2025-05-29T17:02:38.951Z [http]: [0mGET /api/tasks?page=1&limit=5 [32m200[0m 745.024 ms - 630[0m
2025-05-29T17:02:38.967Z [http]: [0mGET /api/users/employees [36m304[0m 177.566 ms - -[0m
2025-05-29T17:02:39.143Z [http]: [0mGET /api/users/683892af669a954de3209bdb [36m304[0m 182.897 ms - -[0m
2025-05-29T17:02:39.145Z [http]: [0mGET /api/users/employees [36m304[0m 175.721 ms - -[0m
2025-05-29T17:02:39.150Z [http]: [0mGET /api/users/683892ca669a954de3209be6 [36m304[0m 189.276 ms - -[0m
2025-05-29T17:02:39.316Z [http]: [0mGET /api/users/683892af669a954de3209bdb [36m304[0m 169.197 ms - -[0m
2025-05-29T17:02:39.340Z [http]: [0mGET /api/users/683892ca669a954de3209be6 [36m304[0m 186.265 ms - -[0m
2025-05-29T17:02:39.344Z [http]: [0mGET /api/users/employees [36m304[0m 193.241 ms - -[0m
2025-05-29T17:02:39.528Z [http]: [0mGET /api/users/employees [36m304[0m 181.933 ms - -[0m
2025-05-29T17:02:39.956Z [http]: [0mGET /api/users/employees [36m304[0m 425.928 ms - -[0m
2025-05-29T18:00:09.040Z [info]: 🚀 Server running in development mode on port 7000
2025-05-29T18:08:08.478Z [info]: 🚀 Server running in development mode on port 7000
2025-05-29T18:15:07.337Z [http]: [0mOPTIONS /api/users/employees [32m204[0m 3.167 ms - 0[0m
2025-05-29T18:15:07.375Z [http]: [0mOPTIONS /api/tasks?page=1&limit=5 [32m204[0m 0.412 ms - 0[0m
2025-05-29T18:15:07.379Z [http]: [0mOPTIONS /api/users/employees [32m204[0m 0.298 ms - 0[0m
2025-05-29T18:15:07.381Z [http]: [0mOPTIONS /api/users/employees [32m204[0m 0.252 ms - 0[0m
2025-05-29T18:15:07.385Z [http]: [0mOPTIONS /api/tasks?page=1&limit=5 [32m204[0m 0.424 ms - 0[0m
2025-05-29T18:15:07.389Z [http]: [0mOPTIONS /api/users/employees [32m204[0m 1.256 ms - 0[0m
2025-05-29T18:15:07.586Z [http]: [0mGET /api/users/employees [36m304[0m 244.433 ms - -[0m
2025-05-29T18:15:07.718Z [http]: [0mGET /api/tasks?page=1&limit=5 [36m304[0m 326.263 ms - -[0m
2025-05-29T18:15:07.768Z [http]: [0mOPTIONS /api/users/683892af669a954de3209bdb [32m204[0m 0.196 ms - 0[0m
2025-05-29T18:15:07.772Z [http]: [0mOPTIONS /api/users/683892ca669a954de3209be6 [32m204[0m 0.334 ms - 0[0m
2025-05-29T18:15:07.823Z [http]: [0mGET /api/users/employees [36m304[0m 219.197 ms - -[0m
2025-05-29T18:15:08.030Z [http]: [0mGET /api/tasks?page=1&limit=5 [36m304[0m 307.567 ms - -[0m
2025-05-29T18:15:08.033Z [http]: [0mGET /api/users/employees [36m304[0m 206.042 ms - -[0m
2025-05-29T18:15:08.241Z [http]: [0mGET /api/users/employees [36m304[0m 202.453 ms - -[0m
2025-05-29T18:15:08.463Z [http]: [0mGET /api/users/employees [36m304[0m 219.553 ms - -[0m
2025-05-29T18:15:08.633Z [http]: [0mGET /api/users/683892ca669a954de3209be6 [36m304[0m 851.658 ms - -[0m
2025-05-29T18:15:08.645Z [http]: [0mGET /api/users/683892af669a954de3209bdb [36m304[0m 874.733 ms - -[0m
2025-05-29T18:15:08.648Z [http]: [0mGET /api/users/employees [36m304[0m 182.080 ms - -[0m
2025-05-29T18:15:08.841Z [http]: [0mGET /api/users/683892af669a954de3209bdb [36m304[0m 191.137 ms - -[0m
2025-05-29T18:15:08.844Z [http]: [0mGET /api/users/employees [36m304[0m 190.327 ms - -[0m
2025-05-29T18:15:08.847Z [http]: [0mGET /api/users/683892ca669a954de3209be6 [36m304[0m 211.008 ms - -[0m
2025-05-29T18:15:09.255Z [http]: [0mGET /api/users/employees [36m304[0m 406.033 ms - -[0m
2025-05-29T18:15:16.266Z [http]: [0mOPTIONS /api/users/employees [32m204[0m 0.582 ms - 0[0m
2025-05-29T18:15:16.275Z [http]: [0mOPTIONS /api/tasks?page=1&limit=5 [32m204[0m 0.675 ms - 0[0m
2025-05-29T18:15:16.278Z [http]: [0mOPTIONS /api/users/employees [32m204[0m 0.289 ms - 0[0m
2025-05-29T18:15:16.280Z [http]: [0mOPTIONS /api/users/employees [32m204[0m 0.274 ms - 0[0m
2025-05-29T18:15:16.283Z [http]: [0mOPTIONS /api/tasks?page=1&limit=5 [32m204[0m 0.239 ms - 0[0m
2025-05-29T18:15:16.289Z [http]: [0mOPTIONS /api/users/employees [32m204[0m 0.286 ms - 0[0m
2025-05-29T18:15:16.485Z [http]: [0mGET /api/users/employees [36m304[0m 193.807 ms - -[0m
2025-05-29T18:15:16.575Z [http]: [0mGET /api/tasks?page=1&limit=5 [36m304[0m 282.758 ms - -[0m
2025-05-29T18:15:16.594Z [http]: [0mOPTIONS /api/users/683892af669a954de3209bdb [32m204[0m 0.178 ms - 0[0m
2025-05-29T18:15:16.596Z [http]: [0mOPTIONS /api/users/683892ca669a954de3209be6 [32m204[0m 0.185 ms - 0[0m
2025-05-29T18:15:16.600Z [http]: [0mOPTIONS /api/users/683892ca669a954de3209be6 [32m204[0m 0.155 ms - 0[0m
2025-05-29T18:15:16.677Z [http]: [0mGET /api/users/employees [36m304[0m 186.083 ms - -[0m
2025-05-29T18:15:16.783Z [http]: [0mGET /api/users/683892ca669a954de3209be6 [36m304[0m 180.482 ms - -[0m
2025-05-29T18:15:16.785Z [http]: [0mGET /api/users/683892af669a954de3209bdb [36m304[0m 183.642 ms - -[0m
2025-05-29T18:15:16.854Z [http]: [0mGET /api/tasks?page=1&limit=5 [36m304[0m 275.207 ms - -[0m
2025-05-29T18:15:16.856Z [http]: [0mGET /api/users/employees [36m304[0m 176.331 ms - -[0m
2025-05-29T18:15:16.959Z [http]: [0mGET /api/users/683892ca669a954de3209be6 [36m304[0m 171.721 ms - -[0m
2025-05-29T18:15:16.963Z [http]: [0mGET /api/users/683892af669a954de3209bdb [36m304[0m 172.374 ms - -[0m
2025-05-29T18:15:17.033Z [http]: [0mGET /api/users/employees [36m304[0m 172.927 ms - -[0m
2025-05-29T18:15:17.211Z [http]: [0mGET /api/users/employees [36m304[0m 174.787 ms - -[0m
2025-05-29T18:15:17.387Z [http]: [0mGET /api/users/employees [36m304[0m 173.092 ms - -[0m
2025-05-29T18:15:17.562Z [http]: [0mGET /api/users/employees [36m304[0m 171.828 ms - -[0m
2025-05-29T18:15:17.880Z [http]: [0mGET /api/users/employees [36m304[0m 315.391 ms - -[0m
2025-05-29T18:15:48.951Z [http]: [0mOPTIONS /api/users/employees [32m204[0m 0.158 ms - 0[0m
2025-05-29T18:15:48.959Z [http]: [0mOPTIONS /api/tasks?page=1&limit=5 [32m204[0m 0.192 ms - 0[0m
2025-05-29T18:15:48.961Z [http]: [0mOPTIONS /api/users/employees [32m204[0m 0.196 ms - 0[0m
2025-05-29T18:15:48.963Z [http]: [0mOPTIONS /api/users/employees [32m204[0m 0.223 ms - 0[0m
2025-05-29T18:15:48.966Z [http]: [0mOPTIONS /api/tasks?page=1&limit=5 [32m204[0m 0.253 ms - 0[0m
2025-05-29T18:15:48.968Z [http]: [0mOPTIONS /api/users/employees [32m204[0m 0.175 ms - 0[0m
2025-05-29T18:15:49.150Z [http]: [0mGET /api/users/employees [36m304[0m 180.195 ms - -[0m
2025-05-29T18:15:49.239Z [http]: [0mGET /api/tasks?page=1&limit=5 [36m304[0m 267.367 ms - -[0m
2025-05-29T18:15:49.260Z [http]: [0mOPTIONS /api/users/683892af669a954de3209bdb [32m204[0m 0.301 ms - 0[0m
2025-05-29T18:15:49.263Z [http]: [0mOPTIONS /api/users/683892ca669a954de3209be6 [32m204[0m 0.142 ms - 0[0m
2025-05-29T18:15:49.265Z [http]: [0mOPTIONS /api/users/683892af669a954de3209bdb [32m204[0m 0.231 ms - 0[0m
2025-05-29T18:15:49.268Z [http]: [0mOPTIONS /api/users/683892ca669a954de3209be6 [32m204[0m 0.318 ms - 0[0m
2025-05-29T18:15:49.329Z [http]: [0mGET /api/users/employees [36m304[0m 174.484 ms - -[0m
2025-05-29T18:15:49.455Z [http]: [0mGET /api/users/683892af669a954de3209bdb [36m304[0m 184.338 ms - -[0m
2025-05-29T18:15:49.465Z [http]: [0mGET /api/users/683892ca669a954de3209be6 [36m304[0m 189.411 ms - -[0m
2025-05-29T18:15:49.534Z [http]: [0mGET /api/users/employees [36m304[0m 203.383 ms - -[0m
2025-05-29T18:15:49.541Z [http]: [0mGET /api/tasks?page=1&limit=5 [36m304[0m 298.631 ms - -[0m
2025-05-29T18:15:49.657Z [http]: [0mGET /api/users/683892af669a954de3209bdb [36m304[0m 198.712 ms - -[0m
2025-05-29T18:15:49.659Z [http]: [0mGET /api/users/683892ca669a954de3209be6 [36m304[0m 190.186 ms - -[0m
2025-05-29T18:15:49.745Z [http]: [0mGET /api/users/employees [36m304[0m 208.671 ms - -[0m
2025-05-29T18:15:49.923Z [http]: [0mGET /api/users/employees [36m304[0m 175.773 ms - -[0m
2025-05-29T18:15:50.108Z [http]: [0mGET /api/users/employees [36m304[0m 181.755 ms - -[0m
2025-05-29T18:15:50.283Z [http]: [0mGET /api/users/employees [36m304[0m 171.864 ms - -[0m
2025-05-29T18:15:50.458Z [http]: [0mGET /api/users/employees [36m304[0m 172.960 ms - -[0m
2025-05-29T18:16:06.070Z [http]: [0mOPTIONS /api/tasks/6838931f669a954de3209c00 [32m204[0m 0.151 ms - 0[0m
2025-05-29T18:16:06.355Z [http]: [0mDELETE /api/tasks/6838931f669a954de3209c00 [32m200[0m 282.133 ms - 26[0m
2025-05-29T18:16:06.362Z [http]: [0mOPTIONS /api/users/employees [32m204[0m 0.108 ms - 0[0m
2025-05-29T18:16:06.365Z [http]: [0mOPTIONS /api/users/683892ca669a954de3209be6 [32m204[0m 0.144 ms - 0[0m
2025-05-29T18:16:06.367Z [http]: [0mOPTIONS /api/users/employees [32m204[0m 0.117 ms - 0[0m
2025-05-29T18:16:06.368Z [http]: [0mOPTIONS /api/users/683892ca669a954de3209be6 [32m204[0m 0.091 ms - 0[0m
2025-05-29T18:16:06.547Z [http]: [0mGET /api/users/employees [36m304[0m 177.849 ms - -[0m
2025-05-29T18:16:06.549Z [http]: [0mGET /api/users/683892ca669a954de3209be6 [36m304[0m 178.819 ms - -[0m
2025-05-29T18:16:06.845Z [http]: [0mGET /api/users/employees [36m304[0m 293.930 ms - -[0m
2025-05-29T18:16:06.847Z [http]: [0mGET /api/users/683892ca669a954de3209be6 [36m304[0m 295.821 ms - -[0m
2025-05-29T18:16:11.393Z [http]: [0mOPTIONS /api/tasks [32m204[0m 0.296 ms - 0[0m
2025-05-29T18:16:11.639Z [http]: [0mPOST /api/tasks [32m201[0m 243.975 ms - 243[0m
2025-05-29T18:16:11.648Z [http]: [0mOPTIONS /api/users/employees [32m204[0m 0.271 ms - 0[0m
2025-05-29T18:16:11.657Z [http]: [0mOPTIONS /api/users/683892af669a954de3209bdb [32m204[0m 0.324 ms - 0[0m
2025-05-29T18:16:11.660Z [http]: [0mOPTIONS /api/users/employees [32m204[0m 0.229 ms - 0[0m
2025-05-29T18:16:11.663Z [http]: [0mOPTIONS /api/users/683892ca669a954de3209be6 [32m204[0m 0.188 ms - 0[0m
2025-05-29T18:16:11.664Z [http]: [0mOPTIONS /api/users/employees [32m204[0m 0.191 ms - 0[0m
2025-05-29T18:16:11.666Z [http]: [0mOPTIONS /api/users/683892af669a954de3209bdb [32m204[0m 0.148 ms - 0[0m
2025-05-29T18:16:11.668Z [http]: [0mOPTIONS /api/users/employees [32m204[0m 0.171 ms - 0[0m
2025-05-29T18:16:11.670Z [http]: [0mOPTIONS /api/users/683892ca669a954de3209be6 [32m204[0m 0.136 ms - 0[0m
2025-05-29T18:16:11.673Z [http]: [0mOPTIONS /api/tasks?page=1&limit=5 [32m204[0m 0.316 ms - 0[0m
2025-05-29T18:16:11.851Z [http]: [0mGET /api/users/employees [36m304[0m 175.143 ms - -[0m
2025-05-29T18:16:11.858Z [http]: [0mGET /api/users/683892af669a954de3209bdb [36m304[0m 178.265 ms - -[0m
2025-05-29T18:16:11.867Z [http]: [0mGET /api/users/683892ca669a954de3209be6 [36m304[0m 184.944 ms - -[0m
2025-05-29T18:16:11.955Z [http]: [0mGET /api/tasks?page=1&limit=5 [32m200[0m 273.879 ms - 599[0m
2025-05-29T18:16:12.030Z [http]: [0mGET /api/users/employees [36m304[0m 176.218 ms - -[0m
2025-05-29T18:16:12.040Z [http]: [0mGET /api/users/683892af669a954de3209bdb [36m304[0m 179.376 ms - -[0m
2025-05-29T18:16:12.053Z [http]: [0mGET /api/users/683892ca669a954de3209be6 [36m304[0m 181.861 ms - -[0m
2025-05-29T18:16:12.209Z [http]: [0mGET /api/users/employees [36m304[0m 176.748 ms - -[0m
2025-05-29T18:16:12.219Z [http]: [0mGET /api/users/683892af669a954de3209bdb [36m304[0m 174.704 ms - -[0m
2025-05-29T18:16:12.231Z [http]: [0mGET /api/users/683892ca669a954de3209be6 [36m304[0m 174.599 ms - -[0m
2025-05-29T18:16:12.391Z [http]: [0mGET /api/users/employees [36m304[0m 179.526 ms - -[0m
2025-05-29T18:16:12.403Z [http]: [0mGET /api/users/683892af669a954de3209bdb [36m304[0m 181.834 ms - -[0m
2025-05-29T18:16:12.408Z [http]: [0mGET /api/users/683892ca669a954de3209be6 [36m304[0m 174.953 ms - -[0m
2025-05-29T18:16:12.575Z [http]: [0mGET /api/users/employees [36m304[0m 182.118 ms - -[0m
2025-05-29T18:16:12.759Z [http]: [0mGET /api/users/employees [36m304[0m 182.499 ms - -[0m
2025-05-29T18:16:14.228Z [http]: [0mGET /api/users/employees [36m304[0m 1466.757 ms - -[0m
2025-05-29T18:16:14.409Z [http]: [0mGET /api/users/employees [36m304[0m 178.760 ms - -[0m
2025-05-29T18:16:22.657Z [http]: [0mOPTIONS /api/users/employees [32m204[0m 0.233 ms - 0[0m
2025-05-29T18:16:22.663Z [http]: [0mOPTIONS /api/tasks?page=1&limit=5 [32m204[0m 0.236 ms - 0[0m
2025-05-29T18:16:22.665Z [http]: [0mOPTIONS /api/users/employees [32m204[0m 0.243 ms - 0[0m
2025-05-29T18:16:22.667Z [http]: [0mOPTIONS /api/users/employees [32m204[0m 0.203 ms - 0[0m
2025-05-29T18:16:22.670Z [http]: [0mOPTIONS /api/tasks?page=1&limit=5 [32m204[0m 0.214 ms - 0[0m
2025-05-29T18:16:22.675Z [http]: [0mOPTIONS /api/users/employees [32m204[0m 0.247 ms - 0[0m
2025-05-29T18:16:23.059Z [http]: [0mGET /api/users/employees [36m304[0m 382.326 ms - -[0m
2025-05-29T18:16:23.256Z [http]: [0mGET /api/tasks?page=1&limit=5 [36m304[0m 573.828 ms - -[0m
2025-05-29T18:16:23.293Z [http]: [0mOPTIONS /api/users/683892ca669a954de3209be6 [32m204[0m 0.108 ms - 0[0m
2025-05-29T18:16:23.295Z [http]: [0mOPTIONS /api/users/683892af669a954de3209bdb [32m204[0m 0.163 ms - 0[0m
2025-05-29T18:16:23.296Z [http]: [0mOPTIONS /api/users/683892ca669a954de3209be6 [32m204[0m 0.096 ms - 0[0m
2025-05-29T18:16:23.297Z [http]: [0mOPTIONS /api/users/683892af669a954de3209bdb [32m204[0m 0.100 ms - 0[0m
2025-05-29T18:16:23.343Z [http]: [0mGET /api/users/employees [36m304[0m 280.566 ms - -[0m
2025-05-29T18:16:23.508Z [http]: [0mGET /api/users/683892ca669a954de3209be6 [36m304[0m 204.319 ms - -[0m
2025-05-29T18:16:23.545Z [http]: [0mGET /api/users/683892af669a954de3209bdb [36m304[0m 240.463 ms - -[0m
2025-05-29T18:16:23.572Z [http]: [0mGET /api/users/employees [36m304[0m 227.689 ms - -[0m
2025-05-29T18:16:23.584Z [http]: [0mGET /api/tasks?page=1&limit=5 [36m304[0m 324.936 ms - -[0m
2025-05-29T18:16:23.734Z [http]: [0mGET /api/users/683892ca669a954de3209be6 [36m304[0m 223.006 ms - -[0m
2025-05-29T18:16:23.770Z [http]: [0mGET /api/users/employees [36m304[0m 195.447 ms - -[0m
2025-05-29T18:16:23.773Z [http]: [0mGET /api/users/683892af669a954de3209bdb [36m304[0m 225.864 ms - -[0m
2025-05-29T18:16:23.996Z [http]: [0mGET /api/users/employees [36m304[0m 222.281 ms - -[0m
2025-05-29T18:16:24.170Z [http]: [0mGET /api/users/employees [36m304[0m 171.287 ms - -[0m
2025-05-29T18:16:24.366Z [http]: [0mGET /api/users/employees [36m304[0m 192.284 ms - -[0m
2025-05-29T18:16:24.546Z [http]: [0mGET /api/users/employees [36m304[0m 176.826 ms - -[0m
2025-05-29T18:16:25.475Z [http]: [0mGET /api/users/employees [36m304[0m 175.379 ms - -[0m
2025-05-29T18:16:25.562Z [http]: [0mGET /api/tasks?page=1&limit=5 [36m304[0m 259.081 ms - -[0m
2025-05-29T18:16:25.651Z [http]: [0mGET /api/users/employees [36m304[0m 173.826 ms - -[0m
2025-05-29T18:16:25.752Z [http]: [0mGET /api/users/683892ca669a954de3209be6 [36m304[0m 172.145 ms - -[0m
2025-05-29T18:16:25.765Z [http]: [0mGET /api/users/683892af669a954de3209bdb [36m304[0m 182.093 ms - -[0m
2025-05-29T18:16:25.819Z [http]: [0mGET /api/tasks?page=1&limit=5 [36m304[0m 255.006 ms - -[0m
2025-05-29T18:16:25.822Z [http]: [0mGET /api/users/employees [36m304[0m 169.851 ms - -[0m
2025-05-29T18:16:25.924Z [http]: [0mGET /api/users/683892ca669a954de3209be6 [36m304[0m 170.442 ms - -[0m
2025-05-29T18:16:25.937Z [http]: [0mGET /api/users/683892af669a954de3209bdb [36m304[0m 169.849 ms - -[0m
2025-05-29T18:16:25.994Z [http]: [0mGET /api/users/employees [36m304[0m 169.726 ms - -[0m
2025-05-29T18:16:26.167Z [http]: [0mGET /api/users/employees [36m304[0m 170.937 ms - -[0m
2025-05-29T18:16:26.343Z [http]: [0mGET /api/users/employees [36m304[0m 173.541 ms - -[0m
2025-05-29T18:16:26.520Z [http]: [0mGET /api/users/employees [36m304[0m 175.039 ms - -[0m
2025-05-29T18:16:26.699Z [http]: [0mGET /api/users/employees [36m304[0m 176.491 ms - -[0m
2025-05-29T18:16:58.707Z [http]: [0mOPTIONS /api/users/employees [32m204[0m 0.301 ms - 0[0m
2025-05-29T18:16:58.711Z [http]: [0mOPTIONS /api/tasks?page=1&limit=5 [32m204[0m 0.175 ms - 0[0m
2025-05-29T18:16:58.712Z [http]: [0mOPTIONS /api/users/employees [32m204[0m 0.169 ms - 0[0m
2025-05-29T18:16:58.714Z [http]: [0mOPTIONS /api/users/employees [32m204[0m 0.175 ms - 0[0m
2025-05-29T18:16:58.715Z [http]: [0mOPTIONS /api/tasks?page=1&limit=5 [32m204[0m 0.172 ms - 0[0m
2025-05-29T18:16:58.717Z [http]: [0mOPTIONS /api/users/employees [32m204[0m 0.348 ms - 0[0m
2025-05-29T18:17:02.961Z [http]: [0mGET /api/users/employees [36m304[0m 4240.151 ms - -[0m
2025-05-29T18:17:04.985Z [http]: [0mGET /api/tasks?page=1&limit=5 [36m304[0m 6263.081 ms - -[0m
2025-05-29T18:17:04.996Z [http]: [0mOPTIONS /api/users/employees [32m204[0m 0.170 ms - 0[0m
2025-05-29T18:17:04.998Z [http]: [0mOPTIONS /api/users/683892ca669a954de3209be6 [32m204[0m 0.146 ms - 0[0m
2025-05-29T18:17:04.999Z [http]: [0mOPTIONS /api/users/employees [32m204[0m 0.113 ms - 0[0m
2025-05-29T18:17:05.001Z [http]: [0mOPTIONS /api/users/683892af669a954de3209bdb [32m204[0m 0.228 ms - 0[0m
2025-05-29T18:17:05.003Z [http]: [0mOPTIONS /api/users/employees [32m204[0m 0.195 ms - 0[0m
2025-05-29T18:17:05.006Z [http]: [0mOPTIONS /api/users/683892ca669a954de3209be6 [32m204[0m 0.296 ms - 0[0m
2025-05-29T18:17:05.009Z [http]: [0mOPTIONS /api/users/employees [32m204[0m 0.090 ms - 0[0m
2025-05-29T18:17:05.010Z [http]: [0mOPTIONS /api/users/683892af669a954de3209bdb [32m204[0m 0.153 ms - 0[0m
2025-05-29T18:17:06.629Z [http]: [0mGET /api/users/employees [36m304[0m 3665.427 ms - -[0m
2025-05-29T18:17:08.041Z [http]: [0mGET /api/users/683892ca669a954de3209be6 [36m304[0m 3032.784 ms - -[0m
2025-05-29T18:17:08.043Z [http]: [0mGET /api/users/683892af669a954de3209bdb [36m304[0m 3029.244 ms - -[0m
2025-05-29T18:17:08.711Z [http]: [0mGET /api/users/employees [0m-[0m - ms - -[0m
2025-05-29T18:17:08.714Z [http]: [0mGET /api/tasks?page=1&limit=5 [0m-[0m - ms - -[0m
2025-05-29T18:17:10.511Z [http]: [0mGET /api/users/683892ca669a954de3209be6 [36m304[0m 2464.955 ms - -[0m
2025-05-29T18:17:10.520Z [http]: [0mGET /api/users/683892af669a954de3209bdb [36m304[0m 2473.377 ms - -[0m
2025-05-29T18:17:12.762Z [http]: [0mGET /api/users/employees [32m200[0m 4048.364 ms - 170[0m
2025-05-29T18:17:14.109Z [http]: [0mGET /api/users/employees [36m304[0m 1345.631 ms - -[0m
2025-05-29T18:17:15.006Z [http]: [0mGET /api/users/employees [0m-[0m - ms - -[0m
2025-05-29T18:17:15.013Z [http]: [0mGET /api/users/employees [0m-[0m - ms - -[0m
2025-05-29T18:17:44.624Z [http]: [0mOPTIONS /api/users/employees [32m204[0m 0.207 ms - 0[0m
2025-05-29T18:17:44.630Z [http]: [0mOPTIONS /api/tasks?page=1&limit=5 [32m204[0m 0.201 ms - 0[0m
2025-05-29T18:17:44.632Z [http]: [0mOPTIONS /api/users/employees [32m204[0m 0.256 ms - 0[0m
2025-05-29T18:17:44.634Z [http]: [0mOPTIONS /api/users/employees [32m204[0m 0.215 ms - 0[0m
2025-05-29T18:17:44.637Z [http]: [0mOPTIONS /api/tasks?page=1&limit=5 [32m204[0m 0.226 ms - 0[0m
2025-05-29T18:17:44.640Z [http]: [0mOPTIONS /api/users/employees [32m204[0m 0.142 ms - 0[0m
2025-05-29T18:17:44.828Z [http]: [0mGET /api/users/employees [32m200[0m 186.778 ms - 170[0m
2025-05-29T18:17:44.912Z [http]: [0mGET /api/tasks?page=1&limit=5 [32m200[0m 269.587 ms - 599[0m
2025-05-29T18:17:44.926Z [http]: [0mOPTIONS /api/users/683892ca669a954de3209be6 [32m204[0m 0.139 ms - 0[0m
2025-05-29T18:17:44.928Z [http]: [0mOPTIONS /api/users/683892af669a954de3209bdb [32m204[0m 0.144 ms - 0[0m
2025-05-29T18:17:44.930Z [http]: [0mOPTIONS /api/users/683892ca669a954de3209be6 [32m204[0m 0.120 ms - 0[0m
2025-05-29T18:17:44.931Z [http]: [0mOPTIONS /api/users/683892af669a954de3209bdb [32m204[0m 0.085 ms - 0[0m
2025-05-29T18:17:45.006Z [http]: [0mGET /api/users/employees [36m304[0m 175.787 ms - -[0m
2025-05-29T18:17:45.130Z [http]: [0mGET /api/users/683892ca669a954de3209be6 [36m304[0m 195.823 ms - -[0m
2025-05-29T18:17:45.132Z [http]: [0mGET /api/users/683892af669a954de3209bdb [36m304[0m 196.670 ms - -[0m
2025-05-29T18:17:45.207Z [http]: [0mGET /api/tasks?page=1&limit=5 [36m304[0m 292.765 ms - -[0m
2025-05-29T18:17:45.209Z [http]: [0mGET /api/users/employees [36m304[0m 199.573 ms - -[0m
2025-05-29T18:17:45.306Z [http]: [0mGET /api/users/683892ca669a954de3209be6 [36m304[0m 173.057 ms - -[0m
2025-05-29T18:17:45.311Z [http]: [0mGET /api/users/683892af669a954de3209bdb [36m304[0m 173.015 ms - -[0m
2025-05-29T18:17:45.394Z [http]: [0mGET /api/users/employees [36m304[0m 180.920 ms - -[0m
2025-05-29T18:17:45.581Z [http]: [0mGET /api/users/employees [36m304[0m 184.155 ms - -[0m
2025-05-29T18:17:45.754Z [http]: [0mGET /api/users/employees [36m304[0m 171.215 ms - -[0m
2025-05-29T18:17:45.928Z [http]: [0mGET /api/users/employees [36m304[0m 170.839 ms - -[0m
2025-05-29T18:17:46.116Z [http]: [0mGET /api/users/employees [36m304[0m 186.111 ms - -[0m
2025-05-29T18:18:01.437Z [http]: [0mOPTIONS /api/tasks [32m204[0m 0.161 ms - 0[0m
2025-05-29T18:18:05.195Z [http]: [0mPOST /api/tasks [32m201[0m 3755.038 ms - 248[0m
2025-05-29T18:18:05.215Z [http]: [0mOPTIONS /api/users/employees [32m204[0m 0.109 ms - 0[0m
2025-05-29T18:18:05.222Z [http]: [0mOPTIONS /api/users/683892af669a954de3209bdb [32m204[0m 0.155 ms - 0[0m
2025-05-29T18:18:05.227Z [http]: [0mOPTIONS /api/users/employees [32m204[0m 0.252 ms - 0[0m
2025-05-29T18:18:05.237Z [http]: [0mOPTIONS /api/users/683892ca669a954de3209be6 [32m204[0m 0.324 ms - 0[0m
2025-05-29T18:18:05.253Z [http]: [0mOPTIONS /api/users/683892af669a954de3209bdb [32m204[0m 0.287 ms - 0[0m
2025-05-29T18:18:05.255Z [http]: [0mOPTIONS /api/users/683892af669a954de3209bdb [32m204[0m 0.147 ms - 0[0m
2025-05-29T18:18:05.258Z [http]: [0mOPTIONS /api/tasks?page=1&limit=5 [32m204[0m 0.773 ms - 0[0m
2025-05-29T18:18:05.271Z [http]: [0mOPTIONS /api/users/683892ca669a954de3209be6 [32m204[0m 0.205 ms - 0[0m
2025-05-29T18:18:05.275Z [http]: [0mOPTIONS /api/users/683892af669a954de3209bdb [32m204[0m 0.221 ms - 0[0m
2025-05-29T18:18:08.049Z [http]: [0mGET /api/users/683892ca669a954de3209be6 [36m304[0m 2775.852 ms - -[0m
2025-05-29T18:18:08.063Z [http]: [0mGET /api/users/683892af669a954de3209bdb [36m304[0m 2802.885 ms - -[0m
2025-05-29T18:18:08.065Z [http]: [0mGET /api/users/employees [36m304[0m 2805.538 ms - -[0m
2025-05-29T18:18:09.291Z [http]: [0mGET /api/tasks?page=1&limit=5 [32m200[0m 4016.716 ms - 848[0m
2025-05-29T18:18:10.932Z [http]: [0mGET /api/users/683892ca669a954de3209be6 [36m304[0m 2880.094 ms - -[0m
2025-05-29T18:18:10.935Z [http]: [0mGET /api/users/683892af669a954de3209bdb [36m304[0m 2862.363 ms - -[0m
2025-05-29T18:18:10.938Z [http]: [0mGET /api/users/employees [36m304[0m 2861.685 ms - -[0m
2025-05-29T18:18:13.784Z [http]: [0mGET /api/users/683892ca669a954de3209be6 [36m304[0m 2843.488 ms - -[0m
2025-05-29T18:18:13.813Z [http]: [0mGET /api/users/683892af669a954de3209bdb [36m304[0m 2871.368 ms - -[0m
2025-05-29T18:18:13.869Z [http]: [0mGET /api/users/employees [36m304[0m 2923.610 ms - -[0m
2025-05-29T18:18:15.232Z [http]: [0mGET /api/users/employees [0m-[0m - ms - -[0m
2025-05-29T18:18:15.233Z [http]: [0mGET /api/users/683892af669a954de3209bdb [0m-[0m - ms - -[0m
2025-05-29T18:18:16.928Z [http]: [0mGET /api/users/683892ca669a954de3209be6 [36m304[0m 3142.229 ms - -[0m
2025-05-29T18:18:18.386Z [http]: [0mGET /api/users/employees [32m200[0m 3149.386 ms - 170[0m
2025-05-29T18:18:18.388Z [http]: [0mGET /api/users/683892af669a954de3209bdb [32m200[0m 3152.457 ms - 188[0m
2025-05-29T18:18:19.317Z [http]: [0mGET /api/users/employees [0m-[0m - ms - -[0m
2025-05-29T18:18:19.326Z [http]: [0mGET /api/users/employees [0m-[0m - ms - -[0m
2025-05-29T18:18:19.327Z [http]: [0mGET /api/users/683892af669a954de3209bdb [0m-[0m - ms - -[0m
2025-05-29T18:20:15.974Z [info]: 🚀 Server running in development mode on port 7000
2025-05-29T18:20:50.090Z [http]: [0mOPTIONS /api/users/employees [32m204[0m 2.612 ms - 0[0m
2025-05-29T18:20:50.100Z [http]: [0mOPTIONS /api/tasks?page=1&limit=5 [32m204[0m 0.213 ms - 0[0m
2025-05-29T18:20:50.124Z [http]: [0mOPTIONS /api/users/employees [32m204[0m 0.401 ms - 0[0m
2025-05-29T18:20:50.129Z [http]: [0mOPTIONS /api/users/employees [32m204[0m 0.449 ms - 0[0m
2025-05-29T18:20:50.134Z [http]: [0mOPTIONS /api/tasks?page=1&limit=5 [32m204[0m 0.470 ms - 0[0m
2025-05-29T18:20:50.136Z [http]: [0mOPTIONS /api/users/employees [32m204[0m 0.421 ms - 0[0m
2025-05-29T18:20:50.358Z [http]: [0mGET /api/users/employees [32m200[0m 262.325 ms - 170[0m
2025-05-29T18:20:50.456Z [http]: [0mGET /api/tasks?page=1&limit=5 [36m304[0m 315.864 ms - -[0m
2025-05-29T18:20:50.486Z [http]: [0mOPTIONS /api/users/683892ca669a954de3209be6 [32m204[0m 0.243 ms - 0[0m
2025-05-29T18:20:50.489Z [http]: [0mOPTIONS /api/users/683892af669a954de3209bdb [32m204[0m 0.127 ms - 0[0m
2025-05-29T18:20:50.579Z [http]: [0mGET /api/users/employees [36m304[0m 212.562 ms - -[0m
2025-05-29T18:20:50.769Z [http]: [0mGET /api/tasks?page=1&limit=5 [36m304[0m 302.288 ms - -[0m
2025-05-29T18:20:50.796Z [http]: [0mGET /api/users/employees [36m304[0m 210.688 ms - -[0m
2025-05-29T18:20:50.972Z [http]: [0mGET /api/users/employees [36m304[0m 173.206 ms - -[0m
2025-05-29T18:20:51.163Z [http]: [0mGET /api/users/employees [36m304[0m 188.452 ms - -[0m
2025-05-29T18:20:51.193Z [http]: [0mGET /api/users/683892ca669a954de3209be6 [36m304[0m 705.326 ms - -[0m
2025-05-29T18:20:51.196Z [http]: [0mGET /api/users/683892af669a954de3209bdb [32m200[0m 700.193 ms - 188[0m
2025-05-29T18:20:51.398Z [http]: [0mGET /api/users/683892af669a954de3209bdb [36m304[0m 197.092 ms - -[0m
2025-05-29T18:20:51.401Z [http]: [0mGET /api/users/employees [36m304[0m 235.312 ms - -[0m
2025-05-29T18:20:51.403Z [http]: [0mGET /api/users/683892ca669a954de3209be6 [36m304[0m 204.855 ms - -[0m
2025-05-29T18:20:51.594Z [http]: [0mGET /api/users/employees [36m304[0m 188.829 ms - -[0m
2025-05-29T18:20:51.596Z [http]: [0mGET /api/users/683892af669a954de3209bdb [36m304[0m 190.936 ms - -[0m
2025-05-29T18:20:51.773Z [http]: [0mGET /api/users/employees [36m304[0m 175.213 ms - -[0m
2025-05-29T18:20:51.795Z [http]: [0mGET /api/users/683892af669a954de3209bdb [36m304[0m 195.416 ms - -[0m
2025-05-29T18:20:51.948Z [http]: [0mGET /api/users/employees [36m304[0m 173.855 ms - -[0m
2025-05-29T18:20:52.124Z [http]: [0mGET /api/users/employees [36m304[0m 173.244 ms - -[0m
2025-05-29T18:21:22.861Z [http]: [0mOPTIONS /api/tasks [32m204[0m 0.417 ms - 0[0m
2025-05-29T18:21:23.102Z [http]: [0mPOST /api/tasks [32m201[0m 239.103 ms - 287[0m
2025-05-29T18:21:23.113Z [http]: [0mOPTIONS /api/users/employees [32m204[0m 0.354 ms - 0[0m
2025-05-29T18:21:23.119Z [http]: [0mOPTIONS /api/users/683892af669a954de3209bdb [32m204[0m 0.170 ms - 0[0m
2025-05-29T18:21:23.120Z [http]: [0mOPTIONS /api/users/employees [32m204[0m 0.093 ms - 0[0m
2025-05-29T18:21:23.122Z [http]: [0mOPTIONS /api/users/683892ca669a954de3209be6 [32m204[0m 0.169 ms - 0[0m
2025-05-29T18:21:23.123Z [http]: [0mOPTIONS /api/users/employees [32m204[0m 0.098 ms - 0[0m
2025-05-29T18:21:23.125Z [http]: [0mOPTIONS /api/users/683892af669a954de3209bdb [32m204[0m 0.148 ms - 0[0m
2025-05-29T18:21:23.127Z [http]: [0mOPTIONS /api/users/683892af669a954de3209bdb [32m204[0m 0.155 ms - 0[0m
2025-05-29T18:21:23.129Z [http]: [0mOPTIONS /api/users/683892af669a954de3209bdb [32m204[0m 0.171 ms - 0[0m
2025-05-29T18:21:23.130Z [http]: [0mOPTIONS /api/users/683892ca669a954de3209be6 [32m204[0m 0.138 ms - 0[0m
2025-05-29T18:21:23.131Z [http]: [0mOPTIONS /api/users/683892af669a954de3209bdb [32m204[0m 0.094 ms - 0[0m
2025-05-29T18:21:23.132Z [http]: [0mOPTIONS /api/users/683892af669a954de3209bdb [32m204[0m 0.087 ms - 0[0m
2025-05-29T18:21:23.134Z [http]: [0mOPTIONS /api/tasks?page=1&limit=5 [32m204[0m 0.143 ms - 0[0m
2025-05-29T18:21:23.318Z [http]: [0mGET /api/users/employees [36m304[0m 182.661 ms - -[0m
2025-05-29T18:21:23.320Z [http]: [0mGET /api/users/683892af669a954de3209bdb [36m304[0m 184.163 ms - -[0m
2025-05-29T18:21:23.322Z [http]: [0mGET /api/users/683892ca669a954de3209be6 [36m304[0m 185.758 ms - -[0m
2025-05-29T18:21:23.420Z [http]: [0mGET /api/tasks?page=1&limit=5 [32m200[0m 280.800 ms - 1136[0m
2025-05-29T18:21:23.495Z [http]: [0mGET /api/users/683892af669a954de3209bdb [36m304[0m 171.856 ms - -[0m
2025-05-29T18:21:23.500Z [http]: [0mGET /api/users/employees [36m304[0m 176.980 ms - -[0m
2025-05-29T18:21:23.513Z [http]: [0mGET /api/users/683892ca669a954de3209be6 [36m304[0m 185.784 ms - -[0m
2025-05-29T18:21:23.676Z [http]: [0mGET /api/users/683892af669a954de3209bdb [36m304[0m 179.344 ms - -[0m
2025-05-29T18:21:23.678Z [http]: [0mGET /api/users/employees [36m304[0m 176.553 ms - -[0m
2025-05-29T18:21:23.684Z [http]: [0mGET /api/users/683892ca669a954de3209be6 [36m304[0m 169.792 ms - -[0m
2025-05-29T18:21:23.873Z [http]: [0mGET /api/users/683892ca669a954de3209be6 [36m304[0m 187.022 ms - -[0m
2025-05-29T18:21:23.875Z [http]: [0mGET /api/users/employees [36m304[0m 194.426 ms - -[0m
2025-05-29T18:21:23.877Z [http]: [0mGET /api/users/683892af669a954de3209bdb [36m304[0m 197.042 ms - -[0m
2025-05-29T18:21:24.060Z [http]: [0mGET /api/users/employees [36m304[0m 180.791 ms - -[0m
2025-05-29T18:21:24.071Z [http]: [0mGET /api/users/683892af669a954de3209bdb [36m304[0m 191.909 ms - -[0m
2025-05-29T18:21:24.232Z [http]: [0mGET /api/users/employees [36m304[0m 170.595 ms - -[0m
2025-05-29T18:21:24.254Z [http]: [0mGET /api/users/683892af669a954de3209bdb [36m304[0m 181.666 ms - -[0m
2025-05-29T18:21:24.412Z [http]: [0mGET /api/users/employees [36m304[0m 177.687 ms - -[0m
2025-05-29T18:21:24.448Z [http]: [0mGET /api/users/683892af669a954de3209bdb [36m304[0m 191.153 ms - -[0m
2025-05-29T18:21:24.587Z [http]: [0mGET /api/users/employees [36m304[0m 172.858 ms - -[0m
2025-05-29T18:21:24.633Z [http]: [0mGET /api/users/683892af669a954de3209bdb [36m304[0m 182.466 ms - -[0m
2025-05-29T18:21:24.767Z [http]: [0mGET /api/users/employees [36m304[0m 179.027 ms - -[0m
2025-05-29T18:21:24.858Z [http]: [0mGET /api/users/683892af669a954de3209bdb [36m304[0m 223.433 ms - -[0m
2025-05-29T18:21:24.979Z [http]: [0mGET /api/users/employees [36m304[0m 210.122 ms - -[0m
2025-05-29T18:21:25.066Z [http]: [0mGET /api/users/683892af669a954de3209bdb [36m304[0m 205.440 ms - -[0m
2025-05-29T18:21:25.152Z [http]: [0mGET /api/users/employees [36m304[0m 169.162 ms - -[0m
2025-05-29T18:21:25.240Z [http]: [0mGET /api/users/683892af669a954de3209bdb [36m304[0m 171.043 ms - -[0m
2025-05-29T18:21:25.358Z [http]: [0mGET /api/users/employees [36m304[0m 203.489 ms - -[0m
2025-05-29T18:21:25.440Z [http]: [0mGET /api/users/683892af669a954de3209bdb [36m304[0m 197.701 ms - -[0m
2025-05-29T18:21:25.527Z [http]: [0mGET /api/users/employees [36m304[0m 167.967 ms - -[0m
2025-05-29T18:21:25.713Z [http]: [0mGET /api/users/employees [36m304[0m 184.055 ms - -[0m
2025-05-29T18:21:25.890Z [http]: [0mGET /api/users/employees [36m304[0m 174.599 ms - -[0m
2025-05-29T18:21:26.291Z [http]: [0mGET /api/users/employees [36m304[0m 399.419 ms - -[0m
2025-05-29T18:22:03.195Z [http]: [0mOPTIONS /api/tasks [32m204[0m 0.154 ms - 0[0m
2025-05-29T18:22:03.386Z [http]: [0mPOST /api/tasks [32m201[0m 189.267 ms - 243[0m
2025-05-29T18:22:03.411Z [http]: [0mOPTIONS /api/users/employees [32m204[0m 0.176 ms - 0[0m
2025-05-29T18:22:03.415Z [http]: [0mOPTIONS /api/users/employees [32m204[0m 0.155 ms - 0[0m
2025-05-29T18:22:03.417Z [http]: [0mOPTIONS /api/users/683892af669a954de3209bdb [32m204[0m 0.201 ms - 0[0m
2025-05-29T18:22:03.421Z [http]: [0mOPTIONS /api/users/683892ca669a954de3209be6 [32m204[0m 0.209 ms - 0[0m
2025-05-29T18:22:03.425Z [http]: [0mOPTIONS /api/users/683892af669a954de3209bdb [32m204[0m 0.231 ms - 0[0m
2025-05-29T18:22:03.427Z [http]: [0mOPTIONS /api/users/683892af669a954de3209bdb [32m204[0m 0.216 ms - 0[0m
2025-05-29T18:22:03.430Z [http]: [0mOPTIONS /api/users/683892af669a954de3209bdb [32m204[0m 0.235 ms - 0[0m
2025-05-29T18:22:03.433Z [http]: [0mOPTIONS /api/users/683892af669a954de3209bdb [32m204[0m 0.268 ms - 0[0m
2025-05-29T18:22:03.437Z [http]: [0mOPTIONS /api/users/683892ca669a954de3209be6 [32m204[0m 0.186 ms - 0[0m
2025-05-29T18:22:03.439Z [http]: [0mOPTIONS /api/users/683892af669a954de3209bdb [32m204[0m 0.207 ms - 0[0m
2025-05-29T18:22:03.442Z [http]: [0mOPTIONS /api/users/683892af669a954de3209bdb [32m204[0m 0.205 ms - 0[0m
2025-05-29T18:22:03.444Z [http]: [0mOPTIONS /api/tasks?page=1&limit=5 [32m204[0m 0.149 ms - 0[0m
2025-05-29T18:22:03.652Z [http]: [0mGET /api/users/employees [36m304[0m 208.704 ms - -[0m
2025-05-29T18:22:03.655Z [http]: [0mGET /api/users/683892af669a954de3209bdb [36m304[0m 209.113 ms - -[0m
2025-05-29T18:22:03.660Z [http]: [0mGET /api/users/683892ca669a954de3209be6 [36m304[0m 214.262 ms - -[0m
2025-05-29T18:22:03.762Z [http]: [0mGET /api/tasks?page=1&limit=5 [32m200[0m 310.619 ms - 1380[0m
2025-05-29T18:22:03.844Z [http]: [0mGET /api/users/683892ca669a954de3209be6 [36m304[0m 179.515 ms - -[0m
2025-05-29T18:22:03.846Z [http]: [0mGET /api/users/683892af669a954de3209bdb [36m304[0m 181.451 ms - -[0m
2025-05-29T18:22:03.848Z [http]: [0mGET /api/users/employees [36m304[0m 188.407 ms - -[0m
2025-05-29T18:22:04.024Z [http]: [0mGET /api/users/683892ca669a954de3209be6 [36m304[0m 174.993 ms - -[0m
2025-05-29T18:22:04.029Z [http]: [0mGET /api/users/683892af669a954de3209bdb [36m304[0m 178.215 ms - -[0m
2025-05-29T18:22:04.030Z [http]: [0mGET /api/users/employees [36m304[0m 176.199 ms - -[0m
2025-05-29T18:22:04.215Z [http]: [0mGET /api/users/683892af669a954de3209bdb [36m304[0m 180.690 ms - -[0m
2025-05-29T18:22:04.216Z [http]: [0mGET /api/users/683892ca669a954de3209be6 [36m304[0m 189.153 ms - -[0m
2025-05-29T18:22:04.221Z [http]: [0mGET /api/users/employees [36m304[0m 186.592 ms - -[0m
2025-05-29T18:22:04.414Z [http]: [0mGET /api/users/683892af669a954de3209bdb [36m304[0m 195.736 ms - -[0m
2025-05-29T18:22:04.503Z [http]: [0mGET /api/users/employees [36m304[0m 279.010 ms - -[0m
2025-05-29T18:22:04.610Z [http]: [0mGET /api/users/683892af669a954de3209bdb [36m304[0m 194.365 ms - -[0m
2025-05-29T18:22:04.696Z [http]: [0mGET /api/users/employees [36m304[0m 191.274 ms - -[0m
2025-05-29T18:22:04.793Z [http]: [0mGET /api/users/683892af669a954de3209bdb [36m304[0m 179.480 ms - -[0m
2025-05-29T18:22:04.930Z [http]: [0mGET /api/users/employees [36m304[0m 232.081 ms - -[0m
2025-05-29T18:22:04.990Z [http]: [0mGET /api/users/683892af669a954de3209bdb [36m304[0m 194.552 ms - -[0m
2025-05-29T18:22:05.140Z [http]: [0mGET /api/users/employees [36m304[0m 203.207 ms - -[0m
2025-05-29T18:22:05.261Z [http]: [0mGET /api/users/683892af669a954de3209bdb [36m304[0m 269.507 ms - -[0m
2025-05-29T18:22:05.358Z [http]: [0mGET /api/users/employees [36m304[0m 214.886 ms - -[0m
2025-05-29T18:22:05.442Z [http]: [0mGET /api/users/683892af669a954de3209bdb [36m304[0m 178.233 ms - -[0m
2025-05-29T18:22:05.539Z [http]: [0mGET /api/users/employees [36m304[0m 177.930 ms - -[0m
2025-05-29T18:22:05.616Z [http]: [0mGET /api/users/683892af669a954de3209bdb [36m304[0m 171.863 ms - -[0m
2025-05-29T18:22:05.751Z [http]: [0mGET /api/users/employees [36m304[0m 210.064 ms - -[0m
2025-05-29T18:22:05.795Z [http]: [0mGET /api/users/683892af669a954de3209bdb [36m304[0m 176.816 ms - -[0m
2025-05-29T18:22:06.155Z [http]: [0mGET /api/users/employees [36m304[0m 401.338 ms - -[0m
2025-05-29T18:22:06.157Z [http]: [0mGET /api/users/683892af669a954de3209bdb [36m304[0m 359.055 ms - -[0m
2025-05-29T18:22:06.335Z [http]: [0mGET /api/users/683892af669a954de3209bdb [36m304[0m 175.666 ms - -[0m
2025-05-29T18:22:06.338Z [http]: [0mGET /api/users/employees [36m304[0m 179.049 ms - -[0m
2025-05-29T18:22:06.516Z [http]: [0mGET /api/users/683892af669a954de3209bdb [36m304[0m 175.467 ms - -[0m
2025-05-29T18:22:06.525Z [http]: [0mGET /api/users/employees [36m304[0m 179.523 ms - -[0m
2025-05-29T18:22:06.695Z [http]: [0mGET /api/users/683892af669a954de3209bdb [36m304[0m 176.150 ms - -[0m
2025-05-29T18:22:06.699Z [http]: [0mGET /api/users/employees [36m304[0m 171.007 ms - -[0m
2025-05-29T18:22:06.875Z [http]: [0mGET /api/users/employees [36m304[0m 174.307 ms - -[0m
2025-05-29T18:22:07.047Z [http]: [0mGET /api/users/employees [36m304[0m 169.811 ms - -[0m
2025-05-29T18:22:07.224Z [http]: [0mGET /api/users/employees [36m304[0m 174.540 ms - -[0m
2025-05-29T18:22:07.424Z [http]: [0mGET /api/users/employees [36m304[0m 197.256 ms - -[0m
2025-05-29T18:22:07.600Z [http]: [0mGET /api/users/employees [36m304[0m 171.362 ms - -[0m
2025-05-29T18:22:12.181Z [http]: [0mOPTIONS /api/tasks/6838a5cbe38e655ff997821f [32m204[0m 0.163 ms - 0[0m
2025-05-29T18:22:12.470Z [http]: [0mDELETE /api/tasks/6838a5cbe38e655ff997821f [32m200[0m 286.407 ms - 26[0m
2025-05-29T18:22:12.490Z [http]: [0mOPTIONS /api/users/employees [32m204[0m 0.187 ms - 0[0m
2025-05-29T18:22:12.492Z [http]: [0mOPTIONS /api/users/683892ca669a954de3209be6 [32m204[0m 0.170 ms - 0[0m
2025-05-29T18:22:12.495Z [http]: [0mOPTIONS /api/users/employees [32m204[0m 0.165 ms - 0[0m
2025-05-29T18:22:12.499Z [http]: [0mOPTIONS /api/users/683892af669a954de3209bdb [32m204[0m 0.261 ms - 0[0m
2025-05-29T18:22:12.501Z [http]: [0mOPTIONS /api/users/683892af669a954de3209bdb [32m204[0m 0.332 ms - 0[0m
2025-05-29T18:22:12.504Z [http]: [0mOPTIONS /api/users/683892af669a954de3209bdb [32m204[0m 0.184 ms - 0[0m
2025-05-29T18:22:12.505Z [http]: [0mOPTIONS /api/users/683892af669a954de3209bdb [32m204[0m 0.233 ms - 0[0m
2025-05-29T18:22:12.507Z [http]: [0mOPTIONS /api/users/683892af669a954de3209bdb [32m204[0m 0.117 ms - 0[0m
2025-05-29T18:22:12.510Z [http]: [0mOPTIONS /api/users/683892af669a954de3209bdb [32m204[0m 0.181 ms - 0[0m
2025-05-29T18:22:12.694Z [http]: [0mGET /api/users/employees [36m304[0m 183.371 ms - -[0m
2025-05-29T18:22:12.696Z [http]: [0mGET /api/users/683892ca669a954de3209be6 [36m304[0m 187.394 ms - -[0m
2025-05-29T18:22:12.698Z [http]: [0mGET /api/users/683892af669a954de3209bdb [36m304[0m 181.969 ms - -[0m
2025-05-29T18:22:12.879Z [http]: [0mGET /api/users/employees [36m304[0m 179.173 ms - -[0m
2025-05-29T18:22:12.881Z [http]: [0mGET /api/users/683892af669a954de3209bdb [36m304[0m 175.320 ms - -[0m
2025-05-29T18:22:12.882Z [http]: [0mGET /api/users/683892ca669a954de3209be6 [36m304[0m 182.035 ms - -[0m
2025-05-29T18:22:13.060Z [http]: [0mGET /api/users/employees [36m304[0m 175.999 ms - -[0m
2025-05-29T18:22:13.061Z [http]: [0mGET /api/users/683892af669a954de3209bdb [36m304[0m 177.320 ms - -[0m
2025-05-29T18:22:13.246Z [http]: [0mGET /api/users/employees [36m304[0m 183.173 ms - -[0m
2025-05-29T18:22:13.247Z [http]: [0mGET /api/users/683892af669a954de3209bdb [36m304[0m 182.550 ms - -[0m
2025-05-29T18:22:13.426Z [http]: [0mGET /api/users/683892af669a954de3209bdb [36m304[0m 175.139 ms - -[0m
2025-05-29T18:22:13.428Z [http]: [0mGET /api/users/employees [36m304[0m 178.963 ms - -[0m
2025-05-29T18:22:13.607Z [http]: [0mGET /api/users/employees [36m304[0m 175.727 ms - -[0m
2025-05-29T18:22:13.609Z [http]: [0mGET /api/users/683892af669a954de3209bdb [36m304[0m 180.221 ms - -[0m
2025-05-29T18:22:13.783Z [http]: [0mGET /api/users/employees [36m304[0m 172.382 ms - -[0m
2025-05-29T18:22:13.986Z [http]: [0mGET /api/users/employees [36m304[0m 200.463 ms - -[0m
2025-05-29T18:44:36.705Z [info]: 🚀 Server running in production mode on port 7000
2025-05-29T18:54:48.865Z [warn]: SIGTERM received. Shutting down gracefully...
2025-05-29T18:54:55.765Z [info]: 🚀 Server running in production mode on port 7000
2025-05-29T19:10:56.186Z [info]: 🚀 Server running in development mode on port 7000
2025-05-29T20:19:36.914Z [info]: Serving static files from: /client/dist
2025-05-29T20:19:36.936Z [info]: 🚀 Server running in production mode on port 7000
2025-05-29T21:12:11.452Z [info]: Serving static files from: /client/dist
2025-05-29T21:12:11.519Z [info]: 🚀 Server running in production mode on port 7000
2025-05-29T21:25:24.177Z [warn]: SIGTERM received. Shutting down gracefully...
2025-05-29T21:35:38.953Z [info]: Serving static files from: /client/dist
2025-05-29T21:35:38.981Z [info]: 🚀 Server running in production mode on port 7000
2025-05-29T21:48:47.428Z [warn]: SIGTERM received. Shutting down gracefully...
2025-05-29T21:53:03.234Z [info]: Serving static files from: /client/dist
2025-05-29T21:53:03.258Z [info]: 🚀 Server running in production mode on port 7000
2025-05-29T22:11:13.838Z [warn]: SIGTERM received. Shutting down gracefully...
2025-05-29T22:17:21.653Z [info]: Serving static files from: /client/dist
2025-05-29T22:17:21.695Z [info]: 🚀 Server running in production mode on port 7000
2025-05-29T22:37:50.207Z [warn]: SIGTERM received. Shutting down gracefully...
2025-05-29T23:10:17.078Z [info]: 🚀 Server running in development mode on port 7000
