2025-05-31T19:01:30.044Z [info]: 🚀 Server running in development mode on port 7000
2025-05-31T19:01:40.383Z [http]: [0mGET /api/users/employees [32m200[0m 215.861 ms - 170[0m
2025-05-31T19:01:40.485Z [http]: [0mGET /api/tasks?page=1&limit=5 [32m200[0m 282.479 ms - 1430[0m
2025-05-31T19:01:40.578Z [http]: [0mGET /api/users/employees [36m304[0m 192.376 ms - -[0m
2025-05-31T19:01:40.764Z [http]: [0mGET /api/tasks?page=1&limit=5 [36m304[0m 276.090 ms - -[0m
2025-05-31T19:01:40.766Z [http]: [0mGET /api/users/employees [36m304[0m 185.871 ms - -[0m
2025-05-31T19:01:40.969Z [http]: [0mGET /api/users/employees [36m304[0m 201.093 ms - -[0m
2025-05-31T19:01:41.197Z [http]: [0mGET /api/users/employees [36m304[0m 225.590 ms - -[0m
2025-05-31T19:01:41.241Z [http]: [0mGET /api/users/683892ca669a954de3209be6 [32m200[0m 715.531 ms - 187[0m
2025-05-31T19:01:41.283Z [http]: [0mGET /api/users/683892af669a954de3209bdb [32m200[0m 768.199 ms - 188[0m
2025-05-31T19:01:41.395Z [http]: [0mGET /api/users/employees [36m304[0m 195.775 ms - -[0m
2025-05-31T19:01:41.428Z [http]: [0mGET /api/users/683892ca669a954de3209be6 [36m304[0m 182.814 ms - -[0m
2025-05-31T19:01:41.483Z [http]: [0mGET /api/users/683892af669a954de3209bdb [36m304[0m 198.002 ms - -[0m
2025-05-31T19:01:41.577Z [http]: [0mGET /api/users/employees [36m304[0m 179.706 ms - -[0m
2025-05-31T19:01:41.666Z [http]: [0mGET /api/users/683892af669a954de3209bdb [36m304[0m 180.915 ms - -[0m
2025-05-31T19:01:41.792Z [http]: [0mGET /api/users/employees [36m304[0m 212.981 ms - -[0m
2025-05-31T19:01:41.880Z [http]: [0mGET /api/users/683892af669a954de3209bdb [36m304[0m 210.689 ms - -[0m
2025-05-31T19:01:41.974Z [http]: [0mGET /api/users/employees [36m304[0m 180.308 ms - -[0m
2025-05-31T19:01:42.061Z [http]: [0mGET /api/users/683892af669a954de3209bdb [36m304[0m 179.649 ms - -[0m
2025-05-31T19:01:42.158Z [http]: [0mGET /api/users/employees [36m304[0m 182.243 ms - -[0m
2025-05-31T19:01:42.258Z [http]: [0mGET /api/users/683892af669a954de3209bdb [36m304[0m 195.135 ms - -[0m
2025-05-31T19:01:42.360Z [http]: [0mGET /api/users/employees [36m304[0m 200.546 ms - -[0m
2025-05-31T19:01:42.447Z [http]: [0mGET /api/users/683892af669a954de3209bdb [36m304[0m 185.975 ms - -[0m
2025-05-31T19:01:42.541Z [http]: [0mGET /api/users/employees [36m304[0m 178.488 ms - -[0m
2025-05-31T19:01:42.627Z [http]: [0mGET /api/users/683892af669a954de3209bdb [36m304[0m 178.272 ms - -[0m
2025-05-31T19:01:42.778Z [http]: [0mGET /api/users/employees [36m304[0m 235.017 ms - -[0m
2025-05-31T19:01:42.985Z [http]: [0mGET /api/users/employees [36m304[0m 204.443 ms - -[0m
